2023-01-20 04:01:72 error: localhost GET '/rf/api/v1/post'
2023-01-20 04:01:51 error: localhost GET '/rf/api/v1/post'
2023-01-20 04:01:33 error: localhost GET '/rf/api/v1/post'
2023-01-20 04:01:77 error: localhost GET '/rf/api/v1/post'
2023-01-20 04:01:53 error: localhost GET '/rf/api/v1/post'
2023-01-20 04:01:04 error: localhost GET '/rf/api/v1/post'
2023-01-20 04:01:29 error: localhost GET '/rf/api/v1/post/get-test'
2023-01-20 04:01:42 error: localhost GET '/rf/api/v1/post/get-test?sex=male'
2023-01-20 04:01:29 error: localhost GET '/rf/api/v1/post/get-test?sex=male'
2023-01-20 04:01:11 error: localhost GET '/rf/api/v1/post/get-test?sex=male'
2023-01-20 04:01:46 error: localhost GET '/rf/api/v1/post/get-test?sex=male'
2023-01-20 10:01:38 error: localhost GET '/rf/api/v1/post'
2023-01-20 10:01:57 error: localhost GET '/rf/api/v1/post/get-test'
2023-01-23 03:01:84 error: localhost GET '/rf/api/v1/post/get-test?take=5&sex=male'
2023-01-23 03:01:87 error: localhost GET '/rf/api/v1/post/get-test?take=5&sex=male'
2023-01-23 03:01:21 error: localhost GET '/rf/api/v1/post/get-test?take=5&sex=male'
2023-01-23 03:01:64 error: localhost GET '/rf/api/v1/post/get-test?take=5&sex=male'
2023-01-23 03:01:22 error: localhost GET '/rf/api/v1/post/get-test?take=5&sex=male'
2023-01-23 03:01:14 error: localhost GET '/rf/api/v1/post/get-test?take=5&sex=male'
2023-01-23 03:01:98 error: localhost GET '/rf/api/v1/post/get-test?take=5&sex=male'
2023-01-23 03:01:49 error: localhost GET '/rf/api/v1/post/get-test?take=5&sex=male'
2023-01-23 03:01:41 error: localhost GET '/rf/api/v1/post/get-test?take=5&sex=male'
2023-01-23 03:01:69 error: localhost GET '/rf/api/v1/post/get-test?take=5&sex=male'
2023-01-23 03:01:88 error: localhost GET '/rf/api/v1/post/get-test?take=5&sex=male'
2023-01-23 03:01:01 error: localhost GET '/rf/api/v1/post/get-test?take=5&sex=male'
2023-01-23 03:01:87 error: localhost GET '/rf/api/v1/post/get-test?take=5&sex=male'
2023-01-23 03:01:87 error: localhost GET '/rf/api/v1/post/get-test?take=5&sex=male'
2023-01-23 03:01:65 error: localhost GET '/rf/api/v1/post/get-test?take=5&sex=male'
2023-01-23 03:01:42 error: localhost GET '/rf/api/v1/post/get-test?take=5&sex=male'
2023-01-23 03:01:79 error: localhost GET '/rf/api/v1/post/get-test?take=5&sex=male'
2023-01-23 03:01:66 error: localhost GET '/rf/api/v1/post/get-test?take=5&sex=male'
2023-01-23 03:01:21 error: localhost GET '/rf/api/v1/post/get-test?take=5&sex=male'
2023-01-23 04:01:67 error: localhost GET '/rf/api/v1/post/get-test?take=5&sex=male'
2023-01-23 04:01:37 error: localhost GET '/rf/api/v1/post/get-test?take=5&sex=male'
2023-01-23 04:01:86 error: localhost GET '/rf/api/v1/post/get-test?take=5&sex=male'
2023-01-23 04:01:46 error: localhost GET '/rf/api/v1/post/get-test?take=5&sex=male'
2023-01-23 04:01:74 error: localhost GET '/rf/api/v1/post/get-test?take=5&sex=male'
2023-01-23 04:01:19 error: localhost GET '/rf/api/v1/post/get-test?take=5&sex=male'
2023-01-23 04:01:63 error: localhost GET '/rf/api/v1/post/get-test?take=5&sex=male'
2023-01-23 05:01:70 error: localhost GET '/rf/api/v1/post/get-test?take=5&sex=male'
2023-01-23 06:01:25 error: localhost GET '/rf/api/v1/post/get-test?take=5&sex=male'
2023-01-23 06:01:22 error: localhost GET '/rf/api/v1/post/get-test?take=5&sex=male'
2023-01-23 06:01:63 error: localhost GET '/rf/api/v1/post/get-test?take=5&sex=male'
2023-01-23 06:01:35 error: localhost GET '/rf/api/v1/post/get-test?take=5&sex=male'
2023-01-23 06:01:89 error: localhost GET '/rf/api/v1/post/get-test?take=5&sex=male'
2023-01-23 06:01:83 error: localhost GET '/rf/api/v1/post/get-test?take=5&sex=male'
2023-01-23 06:01:62 error: localhost GET '/rf/api/v1/post/get-test?take=5&sex=male'
2023-01-23 06:01:15 error: localhost GET '/rf/api/v1/post/get-test?take=5&sex=male'
2023-01-23 06:01:31 error: localhost GET '/rf/api/v1/post/get-test?take=5&sex=male'
2023-01-23 06:01:40 error: localhost GET '/rf/api/v1/post/get-test?take=5&sex=male'
2023-01-23 06:01:71 error: localhost GET '/rf/api/v1/post/get-test?take=5&sex=male'
2023-01-23 06:01:34 error: localhost GET '/rf/api/v1/post/get-test?take=5&sex=male'
2023-01-23 06:01:89 error: localhost GET '/rf/api/v1/post/get-test?take=5&sex=male'
2023-01-23 06:01:73 error: localhost GET '/rf/api/v1/post/get-test?take=5&sex=male'
2023-01-23 06:01:86 error: localhost GET '/rf/api/v1/post/get-test?take=5&sex=male'
2023-01-23 06:01:58 error: localhost GET '/rf/api/v1/post/get-test?take=5&sex=male'
2023-01-23 06:01:14 error: localhost GET '/rf/api/v1/post/get-test?take=5&sex=male'
2023-01-23 06:01:65 error: localhost GET '/rf/api/v1/post/get-test?take=5&sex=male'
2023-01-23 06:01:23 error: localhost GET '/rf/api/v1/post/get-test?take=5&sex=male'
2023-01-23 06:01:68 error: localhost GET '/rf/api/v1/post/get-test?take=5&sex=male'
2023-01-23 06:01:48 error: localhost GET '/rf/api/v1/post/get-test?take=5&sex=male'
2023-01-23 06:01:44 error: localhost GET '/rf/api/v1/post/get-test?take=5&sex=male'
2023-01-23 06:01:54 error: localhost GET '/rf/api/v1/post/get-test?take=5&sex=male'
2023-01-23 06:01:59 error: localhost GET '/rf/api/v1/post/get-test?take=5&sex=male'
2023-01-23 07:01:58 error: localhost GET '/rf/api/v1/post/get-test?take=5&sex=male'
2023-01-23 07:01:70 error: localhost GET '/rf/api/v1/post/get-test?take=5&sex=male'
2023-01-23 07:01:100 error: localhost GET '/rf/api/v1/post/get-test?take=5&sex=male'
2023-01-23 07:01:71 error: localhost GET '/rf/api/v1/post/get-test?take=5&sex=male'
2023-01-23 07:01:12 error: localhost GET '/rf/api/v1/post/get-test?take=5&sex=male'
2023-01-23 07:01:74 error: localhost GET '/rf/api/v1/post/get-test?take=5&sex=male'
2023-01-23 07:01:15 error: localhost GET '/rf/api/v1/post/get-test?take=5&sex=male'
2023-01-23 07:01:66 error: localhost GET '/rf/api/v1/post/get-test?take=5&sex=male'
2023-01-23 07:01:17 error: localhost GET '/rf/api/v1/post/get-test?take=5&sex=male'
2023-01-23 07:01:00 error: localhost GET '/rf/api/v1/post/get-test?take=5&sex=male'
2023-01-23 07:01:50 error: localhost GET '/rf/api/v1/post/get-test?take=5&sex=male'
2023-01-23 07:01:68 error: localhost GET '/rf/api/v1/post/get-test?take=5&sex=male'
2023-01-23 07:01:03 error: localhost GET '/rf/api/v1/post/get-test?take=5&sex=male'
2023-01-23 07:01:59 error: localhost GET '/rf/api/v1/post/get-test?take=5&sex=male'
2023-01-23 07:01:41 error: localhost GET '/rf/api/v1/post/get-test?take=5&sex=male'
2023-01-23 07:01:68 error: localhost GET '/rf/api/v1/post/get-test?take=5&sex=male'
2023-01-23 07:01:51 error: localhost GET '/rf/api/v1/post/get-test?take=5&sex=male'
2023-01-23 07:01:52 error: localhost GET '/rf/api/v1/post/get-test?take=5&sex=male'
2023-01-23 07:01:32 error: localhost GET '/rf/api/v1/post/get-test?take=5&sex=male'
2023-01-23 07:01:28 error: localhost GET '/rf/api/v1/post/get-test?take=5&sex=male'
2023-01-23 07:01:50 error: localhost GET '/rf/api/v1/post/get-test?take=5&sex=male'
2023-01-23 07:01:07 error: localhost GET '/rf/api/v1/post/get-test?take=5&sex=male'
2023-01-23 08:01:83 error: localhost GET '/rf/api/v1/post/get-test?take=5&sex=male'
2023-01-31 09:01:10 error: localhost GET '/rf/api/v1/post/get-test'
2023-01-31 09:01:05 error: localhost GET '/rf/api/v1/post/get-test?sex=male'
2023-01-31 09:01:95 error: localhost GET '/rf/api/v1/post/get-test?sex=male'
2023-02-24 08:02:42 error: localhost PATCH '/rf/api/v1/user/test/1'
2023-02-24 08:02:100 error: localhost PATCH '/rf/api/v1/user/test/1'
2023-02-24 08:02:01 error: localhost PATCH '/rf/api/v1/user/test/1'
2023-02-24 08:02:41 error: localhost PATCH '/rf/api/v1/user/test/1'
2023-02-24 08:02:25 error: localhost PATCH '/rf/api/v1/user/test/1'
2023-02-24 08:02:33 error: localhost PATCH '/rf/api/v1/user/test/1'
2023-02-24 08:02:26 error: localhost PATCH '/rf/api/v1/user/test/1'
2023-02-24 08:02:89 error: localhost PATCH '/rf/api/v1/user/test/1'
2023-02-24 08:02:99 error: localhost PATCH '/rf/api/v1/user/test/1'
2023-02-24 17:02:54 error: localhost PATCH '/rf/api/v1/user/test/1'
2023-02-24 17:02:28 error: localhost PATCH '/rf/api/v1/user/test/1'
2023-04-20 05:04:07 error: localhost GET '/rf/api/v1/auth/kakao/callback?code=tNSwuhqjSKb1s0jPDHKdcLkY0a5V-fIvc4cE7KmZ3euKuls6NVnk4UQj2PkU43X-H5nUugoqJVEAAAGHnQp8Zw'
2023-04-20 05:04:59 error: localhost GET '/rf/api/v1/auth/kakao/callback?code=GcRWBTKoy_E3g_cSDZ-ynNIN6BtCCnUv4vuNnYEG4KL5-Yfxac_JnFdz8pVWmG8czBJNYQoqJVEAAAGHnQqpzg'
2023-04-20 05:04:23 error: localhost GET '/rf/api/v1/auth/kakao/callback?code=SXw-sr9L4WSwNQnKE_E6cDGpyBBqA9BRE5bWQ0VA6a83-aIeDPJZkjfFyKUwWrcRk-QtZQoqJRAAAAGHnQvsjA'
2023-04-20 05:04:74 error: localhost GET '/rf/api/v1/auth/kakao/callback?code=0BaJrT_UNpF1xDENWJUAu3W3H4bwEqj_mx3Tg9EJesPAKI6maSH-UeTZ6up3TImBttFN1Qo9dJcAAAGHnQ1SEQ'
2023-04-20 07:04:50 error: localhost GET '/rf/api/v1/auth/kakao/callback?code=kfl1PGF9gUsMdAXzTyeY2dVS8A8rUiDpZyJJT6CjTXBDNBKPdw80RHvyZfVpKxpRHopqHgorDNQAAAGHnY1Ggw'
2023-04-20 07:04:27 error: localhost GET '/rf/api/v1/auth/kakao/callback?code=VeqPW8lPvUO-OeEiraA3ZJJh_T8qO2SZVc3CeEfSsn0a0SPWo0zkpclY4vX5VYJjuks8Fwo9dZoAAAGHnZEqEA'
2023-04-20 07:04:01 error: localhost GET '/rf/api/v1/auth/kakao/callback?code=4fOX4kCJqyqtPxltUeYB9vDK6UQIHfIJfmkAzIsWPPc8s0dw_weekSocsci_dgeDFZYRuQo9c04AAAGHnaVCtA'
2023-04-20 08:04:52 error: localhost GET '/rf/api/v1/auth/refresh'
2023-04-20 08:04:69 error: localhost GET '/rf/api/v1/auth/refresh'
2023-05-16 02:05:22 error: localhost GET '/rf/api/v1/post?size=5'
2023-05-16 02:05:43 error: localhost POST '/rf/api/v1/post'
2023-05-16 02:05:14 error: localhost POST '/rf/api/v1/post'
2023-05-16 02:05:90 error: localhost GET '/rf/api/v1/auth/kakao/callback?code=8SRI78eMje0aRNmUpo0uCtlwaUzaSlyksXg0ciLoEWNBV74m8SWhVy7SfH_L-4diYy-2mgo9dRoAAAGIInpC_A'
2023-05-16 02:05:17 error: localhost POST '/rf/api/v1/post'
2023-05-16 02:05:31 error: localhost GET '/rf/api/v1/post'
2023-05-16 03:05:10 error: localhost POST '/rf/api/v1/post'
2023-05-16 03:05:60 error: localhost POST '/rf/api/v1/post'
2023-05-16 03:05:89 error: localhost GET '/rf/api/v1/post'
2023-05-16 03:05:32 error: localhost GET '/rf/api/v1/post'
2023-05-16 04:05:95 error: localhost GET '/rf/api/v1/post'
2023-05-16 04:05:68 error: localhost GET '/rf/api/v1/post'
2023-05-16 04:05:52 error: localhost GET '/rf/api/v1/post/get-random?sex=Femal'
2023-05-16 05:05:82 error: localhost GET '/rf/api/v1/post/get-random?take=1&sex=female'
2023-05-16 05:05:12 error: localhost GET '/rf/api/v1/post?take=5&sex=male'
2023-05-16 05:05:25 error: localhost GET '/rf/api/v1/post?take=5&sex=male'
2023-05-16 05:05:74 error: localhost GET '/rf/api/v1/post?sex=male&take=5'
2023-05-16 05:05:46 error: localhost GET '/rf/api/v1/post?take=5&sex=male'
2023-05-16 07:05:32 error: localhost GET '/rf/api/v1/post?sex=male&take=5'
2023-05-16 18:36:36 error: localhost GET '/rf/api/v1/post?sex=male&take=5'
2023-05-22 14:23:11 error: localhost GET '/rf/api/v1/post?sex=male&take=5'
2023-05-23 10:36:58 error: localhost GET '/rf/api/v1/post/public?take=5&sex=male'
2023-05-23 10:37:20 error: localhost GET '/rf/api/v1/post/public?take=5&sex=female'
2023-05-23 10:39:44 error: localhost GET '/rf/api/v1/post?take=5&sex=female'
2023-05-23 14:26:51 error: localhost GET '/rf/api/v1/post?take=5&sex=female'
2023-05-23 14:33:20 error: localhost GET '/rf/api/v1/post/public?take=5&sex=female'
2023-05-23 14:36:27 error: localhost GET '/rf/api/v1/post?take=5&sex=female'
2023-05-23 14:39:10 error: localhost GET '/rf/api/v1/post?take=5&sex=female'
2023-05-23 14:40:59 error: localhost GET '/rf/api/v1/post'
2023-05-23 14:45:14 error: localhost GET '/rf/api/v1/post?take=5&sex=female'
2023-05-23 14:45:39 error: localhost POST '/rf/api/v1/post?take=5&sex=female'
2023-05-23 14:45:42 error: localhost POST '/rf/api/v1/post?take=5&sex=female'
2023-05-29 12:20:54 error: localhost GET '/rf/api/v1/post/public?take=5&sex=male'
2023-05-31 14:27:29 error: localhost GET '/rf/api/v1/post/public?take=5&sex=fale'
2023-05-31 14:34:09 error: localhost GET '/rf/api/v1/auth/kakao/test?accessToken=LuIFsazcvf8BFz9UyYDRdnODS5vkyDlxo8huu4bdCj1zmgAAAYhwTEhX'
2023-05-31 14:35:20 error: localhost GET '/rf/api/v1/auth/kakao/test?accessToken=nyM54EQp32xr10uZdkRqRdal-lPRHbg_iRpMXxGXCioljgAAAYhwTYDa'
2023-05-31 14:37:25 error: localhost GET '/rf/api/v1/auth/kakao/test?accessToken=LuIFsazcvf8BFz9UyYDRdnODS5vkyDlxo8huu4bdCj1zmgAAAYhwTEhX'
2023-05-31 14:38:51 error: localhost GET '/rf/api/v1/auth/kakao/test?accessToken=LuIFsazcvf8BFz9UyYDRdnODS5vkyDlxo8huu4bdCj1zmgAAAYhwTEhX'
2023-05-31 15:16:07 error: localhost POST '/rf/api/v1/post?take=5&sex=female'
2023-05-31 15:17:15 error: localhost GET '/rf/api/v1/post?take=5&sex=female'
2023-06-02 10:24:09 error: localhost GET '/api/v1/auth/kakao?accessToken=nyM54EQp32xr10uZdkRqRdal-lPRHbg_iRpMXxGXCioljgAAAYhwTYDa'
